android-app/app/build/intermediates/manifest_merge_blame_file/mobileDebug/manifest-merger-blame-mobile-debug-report.txt
1<?xml version="1.0" encoding="utf-8"?>
2<manifest xmlns:android="http://schemas.android.com/apk/res/android"
3    package="com.tiamat.mediastack.mobile.debug"
4    android:versionCode="1"
5    android:versionName="1.0.0-mobile" >
6
7    <uses-sdk
8        android:minSdkVersion="22"
9        android:targetSdkVersion="34" />
10
11    <!-- Network permissions -->
12    <uses-permission android:name="android.permission.INTERNET" />
12-->src/main/AndroidManifest.xml:5:5-67
12-->src/main/AndroidManifest.xml:5:22-64
13    <uses-permission android:name="android.permission.ACCESS_NETWORK_STATE" />
13-->src/main/AndroidManifest.xml:6:5-79
13-->src/main/AndroidManifest.xml:6:22-76
14    <uses-permission android:name="android.permission.ACCESS_WIFI_STATE" />
14-->src/main/AndroidManifest.xml:7:5-76
14-->src/main/AndroidManifest.xml:7:22-73
15
16    <!-- Fire TV: declare leanback feature as not required so it still installs on phones -->
17    <uses-feature
17-->src/main/AndroidManifest.xml:10:5-12:36
18        android:name="android.software.leanback"
18-->src/main/AndroidManifest.xml:11:9-49
19        android:required="false" />
19-->src/main/AndroidManifest.xml:12:9-33
20    <uses-feature
20-->src/main/AndroidManifest.xml:13:5-15:36
21        android:name="android.hardware.touchscreen"
21-->src/main/AndroidManifest.xml:14:9-52
22        android:required="false" />
22-->src/main/AndroidManifest.xml:15:9-33
23
24    <permission
24-->[androidx.core:core:1.12.0] AndroidManifest.xml:22:5-24:47
25        android:name="com.tiamat.mediastack.mobile.debug.DYNAMIC_RECEIVER_NOT_EXPORTED_PERMISSION"
25-->[androidx.core:core:1.12.0] AndroidManifest.xml:23:9-81
26        android:protectionLevel="signature" />
26-->[androidx.core:core:1.12.0] AndroidManifest.xml:24:9-44
27
28    <uses-permission android:name="com.tiamat.mediastack.mobile.debug.DYNAMIC_RECEIVER_NOT_EXPORTED_PERMISSION" />
28-->[androidx.core:core:1.12.0] AndroidManifest.xml:26:5-97
28-->[androidx.core:core:1.12.0] AndroidManifest.xml:26:22-94
29
30    <application
30-->src/main/AndroidManifest.xml:17:5-62:19
31        android:allowBackup="true"
31-->src/main/AndroidManifest.xml:18:9-35
32        android:appComponentFactory="androidx.core.app.CoreComponentFactory"
32-->[androidx.core:core:1.12.0] AndroidManifest.xml:28:18-86
33        android:debuggable="true"
34        android:extractNativeLibs="true"
35        android:icon="@drawable/ic_launcher"
35-->src/main/AndroidManifest.xml:19:9-45
36        android:label="@string/app_name"
36-->src/main/AndroidManifest.xml:20:9-41
37        android:networkSecurityConfig="@xml/network_security_config"
37-->src/main/AndroidManifest.xml:25:9-69
38        android:roundIcon="@drawable/ic_launcher_round"
38-->src/main/AndroidManifest.xml:21:9-56
39        android:supportsRtl="true"
39-->src/main/AndroidManifest.xml:22:9-35
40        android:theme="@style/Theme.TiamatsStack"
40-->src/main/AndroidManifest.xml:23:9-50
41        android:usesCleartextTraffic="true" >
41-->src/main/AndroidManifest.xml:24:9-44
42
43        <!-- ── Main launcher activity (phones / tablets) ── -->
44        <activity
44-->src/main/AndroidManifest.xml:28:9-37:20
45            android:name="com.tiamat.mediastack.MainActivity"
45-->src/main/AndroidManifest.xml:29:13-41
46            android:exported="true"
46-->src/main/AndroidManifest.xml:30:13-36
47            android:label="@string/app_name"
47-->src/main/AndroidManifest.xml:31:13-45
48            android:screenOrientation="portrait" >
48-->src/main/AndroidManifest.xml:32:13-49
49            <intent-filter>
49-->src/main/AndroidManifest.xml:33:13-36:29
50                <action android:name="android.intent.action.MAIN" />
50-->src/main/AndroidManifest.xml:34:17-69
50-->src/main/AndroidManifest.xml:34:25-66
51
52                <category android:name="android.intent.category.LAUNCHER" />
52-->src/main/AndroidManifest.xml:35:17-77
52-->src/main/AndroidManifest.xml:35:27-74
53            </intent-filter>
54        </activity>
55
56        <!-- ── Fire TV / Android TV launcher entry ── -->
57        <activity
57-->src/main/AndroidManifest.xml:40:9-53:20
58            android:name="com.tiamat.mediastack.TvMainActivity"
58-->src/main/AndroidManifest.xml:41:13-43
59            android:exported="true"
59-->src/main/AndroidManifest.xml:42:13-36
60            android:label="@string/app_name"
60-->src/main/AndroidManifest.xml:43:13-45
61            android:theme="@style/Theme.TiamatsStack.Leanback" >
61-->src/main/AndroidManifest.xml:44:13-63
62            <intent-filter>
62-->src/main/AndroidManifest.xml:45:13-48:29
63                <action android:name="android.intent.action.MAIN" />
63-->src/main/AndroidManifest.xml:34:17-69
63-->src/main/AndroidManifest.xml:34:25-66
64
65                <category android:name="android.intent.category.LEANBACK_LAUNCHER" />
65-->src/main/AndroidManifest.xml:47:17-86
65-->src/main/AndroidManifest.xml:47:27-83
66            </intent-filter>
67            <intent-filter>
67-->src/main/AndroidManifest.xml:49:13-52:29
68                <action android:name="android.intent.action.MAIN" />
68-->src/main/AndroidManifest.xml:34:17-69
68-->src/main/AndroidManifest.xml:34:25-66
69
70                <category android:name="android.intent.category.TV_LAUNCHER" />
70-->src/main/AndroidManifest.xml:51:17-80
70-->src/main/AndroidManifest.xml:51:27-77
71            </intent-filter>
72        </activity>
73
74        <!-- ── WebView activity (shared by both phone and TV) ── -->
75        <activity
75-->src/main/AndroidManifest.xml:56:9-60:77
76            android:name="com.tiamat.mediastack.WebViewActivity"
76-->src/main/AndroidManifest.xml:57:13-44
77            android:configChanges="orientation|screenSize|keyboardHidden"
77-->src/main/AndroidManifest.xml:60:13-74
78            android:exported="false"
78-->src/main/AndroidManifest.xml:58:13-37
79            android:label="@string/app_name" />
79-->src/main/AndroidManifest.xml:59:13-45
80
81        <provider
81-->[androidx.emoji2:emoji2:1.2.0] AndroidManifest.xml:24:9-32:20
82            android:name="androidx.startup.InitializationProvider"
82-->[androidx.emoji2:emoji2:1.2.0] AndroidManifest.xml:25:13-67
83            android:authorities="com.tiamat.mediastack.mobile.debug.androidx-startup"
83-->[androidx.emoji2:emoji2:1.2.0] AndroidManifest.xml:26:13-68
84            android:exported="false" >
84-->[androidx.emoji2:emoji2:1.2.0] AndroidManifest.xml:27:13-37
85            <meta-data
85-->[androidx.emoji2:emoji2:1.2.0] AndroidManifest.xml:29:13-31:52
86                android:name="androidx.emoji2.text.EmojiCompatInitializer"
86-->[androidx.emoji2:emoji2:1.2.0] AndroidManifest.xml:30:17-75
87                android:value="androidx.startup" />
87-->[androidx.emoji2:emoji2:1.2.0] AndroidManifest.xml:31:17-49
88            <meta-data
88-->[androidx.lifecycle:lifecycle-process:2.6.1] AndroidManifest.xml:29:13-31:52
89                android:name="androidx.lifecycle.ProcessLifecycleInitializer"
89-->[androidx.lifecycle:lifecycle-process:2.6.1] AndroidManifest.xml:30:17-78
90                android:value="androidx.startup" />
90-->[androidx.lifecycle:lifecycle-process:2.6.1] AndroidManifest.xml:31:17-49
91            <meta-data
91-->[androidx.profileinstaller:profileinstaller:1.3.0] AndroidManifest.xml:29:13-31:52
92                android:name="androidx.profileinstaller.ProfileInstallerInitializer"
92-->[androidx.profileinstaller:profileinstaller:1.3.0] AndroidManifest.xml:30:17-85
93                android:value="androidx.startup" />
93-->[androidx.profileinstaller:profileinstaller:1.3.0] AndroidManifest.xml:31:17-49
94        </provider>
95
96        <receiver
96-->[androidx.profileinstaller:profileinstaller:1.3.0] AndroidManifest.xml:34:9-52:20
97            android:name="androidx.profileinstaller.ProfileInstallReceiver"
97-->[androidx.profileinstaller:profileinstaller:1.3.0] AndroidManifest.xml:35:13-76
98            android:directBootAware="false"
98-->[androidx.profileinstaller:profileinstaller:1.3.0] AndroidManifest.xml:36:13-44
99            android:enabled="true"
99-->[androidx.profileinstaller:profileinstaller:1.3.0] AndroidManifest.xml:37:13-35
100            android:exported="true"
100-->[androidx.profileinstaller:profileinstaller:1.3.0] AndroidManifest.xml:38:13-36
101            android:permission="android.permission.DUMP" >
101-->[androidx.profileinstaller:profileinstaller:1.3.0] AndroidManifest.xml:39:13-57
102            <intent-filter>
102-->[androidx.profileinstaller:profileinstaller:1.3.0] AndroidManifest.xml:40:13-42:29
103                <action android:name="androidx.profileinstaller.action.INSTALL_PROFILE" />
103-->[androidx.profileinstaller:profileinstaller:1.3.0] AndroidManifest.xml:41:17-91
103-->[androidx.profileinstaller:profileinstaller:1.3.0] AndroidManifest.xml:41:25-88
104            </intent-filter>
105            <intent-filter>
105-->[androidx.profileinstaller:profileinstaller:1.3.0] AndroidManifest.xml:43:13-45:29
106                <action android:name="androidx.profileinstaller.action.SKIP_FILE" />
106-->[androidx.profileinstaller:profileinstaller:1.3.0] AndroidManifest.xml:44:17-85
106-->[androidx.profileinstaller:profileinstaller:1.3.0] AndroidManifest.xml:44:25-82
107            </intent-filter>
108            <intent-filter>
108-->[androidx.profileinstaller:profileinstaller:1.3.0] AndroidManifest.xml:46:13-48:29
109                <action android:name="androidx.profileinstaller.action.SAVE_PROFILE" />
109-->[androidx.profileinstaller:profileinstaller:1.3.0] AndroidManifest.xml:47:17-88
109-->[androidx.profileinstaller:profileinstaller:1.3.0] AndroidManifest.xml:47:25-85
110            </intent-filter>
111            <intent-filter>
111-->[androidx.profileinstaller:profileinstaller:1.3.0] AndroidManifest.xml:49:13-51:29
112                <action android:name="androidx.profileinstaller.action.BENCHMARK_OPERATION" />
112-->[androidx.profileinstaller:profileinstaller:1.3.0] AndroidManifest.xml:50:17-95
112-->[androidx.profileinstaller:profileinstaller:1.3.0] AndroidManifest.xml:50:25-92
113            </intent-filter>
114        </receiver>
115    </application>
116
117</manifest>